<?xml version="1.0" encoding="UTF-8"?>
<!-- Generated by org.testng.reporters.JUnitReportReporter -->
<testsuite skipped="0" hostname="KhushRang-PC" name="com.rupeek.customaersearch.tests.GetAllRecordTest" tests="3" failures="0" timestamp="24 Apr 2020 11:16:15 GMT" time="3.769" errors="0">
  <testcase name="getAutherizationWithInValid" time="0.174" classname="com.rupeek.customaersearch.tests.GetAllRecordTest"/>
  <testcase name="getAll" time="2.715" classname="com.rupeek.customaersearch.tests.GetAllRecordTest"/>
  <testcase name="getAutherizationWithValid" time="0.880" classname="com.rupeek.customaersearch.tests.GetAllRecordTest"/>
</testsuite> <!-- com.rupeek.customaersearch.tests.GetAllRecordTest -->
