<?xml version="1.0" encoding="UTF-8"?>
<!-- Generated by org.testng.reporters.JUnitReportReporter -->
<testsuite skipped="0" hostname="KhushRang-PC" name="com.rupeek.customaersearch.tests.GetRecordByPhone" tests="2" failures="0" timestamp="24 Apr 2020 10:59:24 GMT" time="3.579" errors="0">
  <testcase name="getAll" time="2.674" classname="com.rupeek.customaersearch.tests.GetRecordByPhone"/>
  <testcase name="getAutherizationWithValid" time="0.905" classname="com.rupeek.customaersearch.tests.GetRecordByPhone"/>
</testsuite> <!-- com.rupeek.customaersearch.tests.GetRecordByPhone -->
