<?xml version="1.0" encoding="UTF-8"?>
<!-- Generated by org.testng.reporters.JUnitReportReporter -->
<testsuite skipped="0" hostname="KhushRang-PC" name="com.rupeek.customaersearch.tests.AuthenticationTest" tests="2" failures="0" timestamp="24 Apr 2020 10:52:17 GMT" time="3.424" errors="0">
  <testcase name="getAutherizationWithInValidphone" time="2.602" classname="com.rupeek.customaersearch.tests.AuthenticationTest"/>
  <testcase name="getAutherizationWithValidphone" time="0.822" classname="com.rupeek.customaersearch.tests.AuthenticationTest"/>
</testsuite> <!-- com.rupeek.customaersearch.tests.AuthenticationTest -->
