<?xml version="1.0" encoding="UTF-8"?>
<!-- Generated by org.testng.reporters.JUnitReportReporter -->
<testsuite skipped="0" hostname="KhushRang-PC" name="com.rupeek.customaersearch.tests.GetAllRecordTest" tests="2" failures="0" timestamp="24 Apr 2020 12:03:31 GMT" time="4.199" errors="0">
  <testcase name="getAutherizationWithInValid" time="3.206" classname="com.rupeek.customaersearch.tests.GetAllRecordTest"/>
  <testcase name="getAutherizationWithValid" time="0.993" classname="com.rupeek.customaersearch.tests.GetAllRecordTest"/>
</testsuite> <!-- com.rupeek.customaersearch.tests.GetAllRecordTest -->
