<?xml version="1.0" encoding="UTF-8"?>
<!-- Generated by org.testng.reporters.JUnitReportReporter -->
<testsuite skipped="0" hostname="KhushRang-PC" name="com.rupeek.customaersearch.tests.AutheticationTest" tests="2" failures="0" timestamp="24 Apr 2020 11:17:48 GMT" time="3.193" errors="0">
  <testcase name="getTokenWithValid" time="2.977" classname="com.rupeek.customaersearch.tests.AutheticationTest"/>
  <testcase name="gettokenWithInvalid" time="0.216" classname="com.rupeek.customaersearch.tests.AutheticationTest"/>
</testsuite> <!-- com.rupeek.customaersearch.tests.AutheticationTest -->
