<?xml version="1.0" encoding="UTF-8"?>
<!-- Generated by org.testng.reporters.JUnitReportReporter -->
<testsuite skipped="0" hostname="KhushRang-PC" name="com.rupeek.customaersearch.tests.GetallRecords" tests="1" failures="0" timestamp="24 Apr 2020 11:08:44 GMT" time="3.059" errors="0">
  <testcase name="getAll" time="3.059" classname="com.rupeek.customaersearch.tests.GetallRecords"/>
</testsuite> <!-- com.rupeek.customaersearch.tests.GetallRecords -->
